
(waybar:28079): Gtk-WARNING **: 15:20:53.438: Theme parsing error: gtk.css:6628:68: Invalid name of pseudo-class
[2024-04-01 15:20:53.459] [info] Using configuration file /home/mwdavisii/.config/waybar/top.jsonc
[2024-04-01 15:20:53.460] [info] Unable to receive desktop appearance: GDBus.Error:org.freedesktop.DBus.Error.UnknownMethod: No such interface “org.freedesktop.portal.Settings” on object at path /org/freedesktop/portal/desktop
[2024-04-01 15:20:53.460] [info] Using CSS file /home/mwdavisii/.config/waybar/style.css
[2024-04-01 15:20:53.465] [warning] Mapping is not an object
[2024-04-01 15:20:53.465] [info] Hyprland IPC starting

(waybar:28079): GLib-GObject-CRITICAL **: 15:20:53.493: ../gobject/gsignal.c:2088: type 'GtkWindow' is already overridden for signal id '73'

(waybar:28079): GLib-GObject-CRITICAL **: 15:20:53.493: ../gobject/gsignal.c:2088: type 'GtkWindow' is already overridden for signal id '72'
[2024-04-01 15:20:53.493] [warning] Mapping is not an object

(waybar:28079): GLib-GObject-CRITICAL **: 15:20:53.503: ../gobject/gsignal.c:2088: type 'GtkWindow' is already overridden for signal id '73'

(waybar:28079): GLib-GObject-CRITICAL **: 15:20:53.503: ../gobject/gsignal.c:2088: type 'GtkWindow' is already overridden for signal id '72'
[2024-04-01 15:20:53.503] [warning] Mapping is not an object
[2024-04-01 15:20:53.834] [info] Bar configured (width: 2560, height: 50) for output: DP-8
[2024-04-01 15:20:53.834] [info] Bar configured (width: 2560, height: 50) for output: DP-6
[2024-04-01 15:20:53.834] [info] Bar configured (width: 2880, height: 50) for output: eDP-1
[2024-04-01 15:21:07.390] [error] Host: GDBus.Error:org.freedesktop.DBus.Error.InvalidArgs: Status Notifier Host with bus name ':1.872' and object path '/StatusNotifierHost/0' is already registered
[2024-04-01 15:21:07.390] [error] Host: GDBus.Error:org.freedesktop.DBus.Error.InvalidArgs: Status Notifier Host with bus name ':1.872' and object path '/StatusNotifierHost/1' is already registered
[2024-04-01 15:21:07.390] [error] Host: GDBus.Error:org.freedesktop.DBus.Error.InvalidArgs: Status Notifier Host with bus name ':1.872' and object path '/StatusNotifierHost/2' is already registered
[092 15:21:13.238059] [glfw error 65548]: Wayland: The platform does not provide the window position
[092 15:21:13.247889] [glfw error 65544]: process_desktop_settings: failed with error: [org.freedesktop.DBus.Error.UnknownMethod] No such interface “org.freedesktop.portal.Settings” on object at path /org/freedesktop/portal/desktop
